<?xml version="1.0" encoding="UTF-8"?>
<testsuite xmlns:xsi="http://www.w3.org/2001/XMLSchema-instance" xsi:noNamespaceSchemaLocation="https://maven.apache.org/surefire/maven-surefire-plugin/xsd/surefire-test-report.xsd" name="com.example.ArabiRomani.AppTest" time="0.02" tests="8" errors="0" skipped="0" failures="0">
  <properties>
    <property name="java.specification.version" value="17"/>
    <property name="sun.cpu.isalist" value="amd64"/>
    <property name="sun.jnu.encoding" value="Cp1252"/>
    <property name="java.class.path" value="C:\Users\Daniele\Documents\workspace-spring-tool-suite-4-4.22.0.RELEASE\ArabiRomani\target\test-classes;C:\Users\Daniele\Documents\workspace-spring-tool-suite-4-4.22.0.RELEASE\ArabiRomani\target\classes;C:\Users\Daniele\.m2\repository\junit\junit\4.11\junit-4.11.jar;C:\Users\Daniele\.m2\repository\org\hamcrest\hamcrest-core\1.3\hamcrest-core-1.3.jar;"/>
    <property name="java.vm.vendor" value="Eclipse Adoptium"/>
    <property name="sun.arch.data.model" value="64"/>
    <property name="user.variant" value=""/>
    <property name="java.vendor.url" value="https://adoptium.net/"/>
    <property name="user.timezone" value="Europe/Rome"/>
    <property name="os.name" value="Windows 11"/>
    <property name="java.vm.specification.version" value="17"/>
    <property name="sun.java.launcher" value="SUN_STANDARD"/>
    <property name="user.country" value="IT"/>
    <property name="sun.boot.library.path" value="C:\Users\Daniele\OneDrive\Desktop\sts-4.22.0.RELEASE\plugins\org.eclipse.justj.openjdk.hotspot.jre.full.win32.x86_64_17.0.10.v20240120-1143\jre\bin"/>
    <property name="sun.java.command" value="C:\Users\Daniele\AppData\Local\Temp\surefire3045353867456838481\surefirebooter15368055317204101036.jar C:\Users\Daniele\AppData\Local\Temp\surefire3045353867456838481 2024-05-13T23-05-34_591-jvmRun1 surefire10720296091882098754tmp surefire_09283015334748805916tmp"/>
    <property name="jdk.debug" value="release"/>
    <property name="surefire.test.class.path" value="C:\Users\Daniele\Documents\workspace-spring-tool-suite-4-4.22.0.RELEASE\ArabiRomani\target\test-classes;C:\Users\Daniele\Documents\workspace-spring-tool-suite-4-4.22.0.RELEASE\ArabiRomani\target\classes;C:\Users\Daniele\.m2\repository\junit\junit\4.11\junit-4.11.jar;C:\Users\Daniele\.m2\repository\org\hamcrest\hamcrest-core\1.3\hamcrest-core-1.3.jar;"/>
    <property name="sun.cpu.endian" value="little"/>
    <property name="user.home" value="C:\Users\Daniele"/>
    <property name="user.language" value="it"/>
    <property name="java.specification.vendor" value="Oracle Corporation"/>
    <property name="java.version.date" value="2024-01-16"/>
    <property name="java.home" value="C:\Users\Daniele\OneDrive\Desktop\sts-4.22.0.RELEASE\plugins\org.eclipse.justj.openjdk.hotspot.jre.full.win32.x86_64_17.0.10.v20240120-1143\jre"/>
    <property name="file.separator" value="\"/>
    <property name="style.color" value="always"/>
    <property name="basedir" value="C:\Users\Daniele\Documents\workspace-spring-tool-suite-4-4.22.0.RELEASE\ArabiRomani"/>
    <property name="java.vm.compressedOopsMode" value="Zero based"/>
    <property name="line.separator" value="&#10;"/>
    <property name="java.vm.specification.vendor" value="Oracle Corporation"/>
    <property name="java.specification.name" value="Java Platform API Specification"/>
    <property name="surefire.real.class.path" value="C:\Users\Daniele\AppData\Local\Temp\surefire3045353867456838481\surefirebooter15368055317204101036.jar"/>
    <property name="user.script" value=""/>
    <property name="sun.management.compiler" value="HotSpot 64-Bit Tiered Compilers"/>
    <property name="java.runtime.version" value="17.0.10+7"/>
    <property name="user.name" value="Daniele"/>
    <property name="path.separator" value=";"/>
    <property name="os.version" value="10.0"/>
    <property name="java.runtime.name" value="OpenJDK Runtime Environment"/>
    <property name="file.encoding" value="Cp1252"/>
    <property name="java.vm.name" value="OpenJDK 64-Bit Server VM"/>
    <property name="java.vendor.version" value="Temurin-17.0.10+7"/>
    <property name="localRepository" value="C:\Users\Daniele\.m2\repository"/>
    <property name="java.vendor.url.bug" value="https://github.com/adoptium/adoptium-support/issues"/>
    <property name="java.io.tmpdir" value="C:\Users\Daniele\AppData\Local\Temp\"/>
    <property name="java.version" value="17.0.10"/>
    <property name="user.dir" value="C:\Users\Daniele\Documents\workspace-spring-tool-suite-4-4.22.0.RELEASE\ArabiRomani"/>
    <property name="os.arch" value="amd64"/>
    <property name="java.vm.specification.name" value="Java Virtual Machine Specification"/>
    <property name="sun.os.patch.level" value=""/>
    <property name="native.encoding" value="Cp1252"/>
    <property name="java.library.path" value="C:\Users\Daniele\OneDrive\Desktop\sts-4.22.0.RELEASE\plugins\org.eclipse.justj.openjdk.hotspot.jre.full.win32.x86_64_17.0.10.v20240120-1143\jre\bin;C:\WINDOWS\Sun\Java\bin;C:\WINDOWS\system32;C:\WINDOWS;C:/Users/Daniele/OneDrive/Desktop/sts-4.22.0.RELEASE//plugins/org.eclipse.justj.openjdk.hotspot.jre.full.win32.x86_64_17.0.10.v20240120-1143/jre/bin/server;C:/Users/Daniele/OneDrive/Desktop/sts-4.22.0.RELEASE//plugins/org.eclipse.justj.openjdk.hotspot.jre.full.win32.x86_64_17.0.10.v20240120-1143/jre/bin;C:\Program Files\Common Files\Oracle\Java\javapath;C:\Program Files\Eclipse Adoptium\jdk-11.0.22.7-hotspot\bin;C:\Python312\Scripts\;C:\Python312\;C:\WINDOWS\system32;C:\WINDOWS;C:\WINDOWS\System32\Wbem;C:\WINDOWS\System32\WindowsPowerShell\v1.0\;C:\WINDOWS\System32\OpenSSH\;C:\Program Files\Git\cmd;C:\Program Files\dotnet\;C:\Program Files\nodejs\;C:\ProgramData\chocolatey\bin;C:\Program Files\MySQL\MySQL Shell 8.0\bin\;C:\Users\Daniele\AppData\Local\Microsoft\WindowsApps;C:\Users\Daniele\AppData\Local\Programs\Microsoft VS Code\bin;C:\Users\Daniele\AppData\Local\GitHubDesktop\bin;C:\Users\Daniele\AppData\Roaming\npm;C:\Users\Daniele\OneDrive\Desktop\sts-4.22.0.RELEASE;;."/>
    <property name="java.vm.info" value="mixed mode"/>
    <property name="java.vendor" value="Eclipse Adoptium"/>
    <property name="java.vm.version" value="17.0.10+7"/>
    <property name="sun.io.unicode.encoding" value="UnicodeLittle"/>
    <property name="java.class.version" value="61.0"/>
  </properties>
  <testcase name="shouldAnswerWithTrue" classname="com.example.ArabiRomani.AppTest" time="0.001"/>
  <testcase name="shouldBeRoman" classname="com.example.ArabiRomani.AppTest" time="0"/>
  <testcase name="shouldBeRoman1" classname="com.example.ArabiRomani.AppTest" time="0"/>
  <testcase name="shouldBeRoman2" classname="com.example.ArabiRomani.AppTest" time="0"/>
  <testcase name="shouldBeRoman3" classname="com.example.ArabiRomani.AppTest" time="0"/>
  <testcase name="shouldBeRoman4" classname="com.example.ArabiRomani.AppTest" time="0"/>
  <testcase name="shouldBeRoman5" classname="com.example.ArabiRomani.AppTest" time="0.001"/>
  <testcase name="shouldBeRoman6" classname="com.example.ArabiRomani.AppTest" time="0"/>
</testsuite>